<?xml version="1.0" encoding="UTF-8"?>
<!-- Generated by org.testng.reporters.JUnitXMLReporter -->
<testsuite hostname="WIN-NFDCINOH1RK" ignored="0" name="Default test" tests="3" failures="0" timestamp="2020-02-07T04:47:38 UTC" time="0.062" errors="0">
  <testcase name="login" time="0.016" classname="face1.face1.GroupingtestNG"/>
  <testcase name="logout" time="0.0" classname="face1.face1.GroupingtestNG"/>
  <testcase name="registration" time="0.0" classname="face1.face1.GroupingtestNG"/>
</testsuite> <!-- Default test -->
