<?xml version="1.0" encoding="UTF-8"?>
<testng-results skipped="0" failed="0" ignored="0" total="3" passed="3">
  <reporter-output>
  </reporter-output>
  <suite name="Default suite" duration-ms="62" started-at="2020-02-07T04:47:38 UTC" finished-at="2020-02-07T04:47:38 UTC">
    <groups>
      <group name="regression">
        <method signature="GroupingtestNG.login()[pri:0, instance:face1.face1.GroupingtestNG@1f28c152]" name="login" class="face1.face1.GroupingtestNG"/>
        <method signature="GroupingtestNG.logout()[pri:0, instance:face1.face1.GroupingtestNG@1f28c152]" name="logout" class="face1.face1.GroupingtestNG"/>
      </group> <!-- regression -->
      <group name="sanity">
        <method signature="GroupingtestNG.login()[pri:0, instance:face1.face1.GroupingtestNG@1f28c152]" name="login" class="face1.face1.GroupingtestNG"/>
        <method signature="GroupingtestNG.registration()[pri:0, instance:face1.face1.GroupingtestNG@1f28c152]" name="registration" class="face1.face1.GroupingtestNG"/>
      </group> <!-- sanity -->
    </groups>
    <test name="Default test" duration-ms="62" started-at="2020-02-07T04:47:38 UTC" finished-at="2020-02-07T04:47:38 UTC">
      <class name="face1.face1.GroupingtestNG">
        <test-method status="PASS" signature="login()[pri:0, instance:face1.face1.GroupingtestNG@1f28c152]" name="login" duration-ms="16" started-at="2020-02-07T04:47:38 UTC" finished-at="2020-02-07T04:47:38 UTC">
          <reporter-output>
          </reporter-output>
        </test-method> <!-- login -->
        <test-method status="PASS" signature="logout()[pri:0, instance:face1.face1.GroupingtestNG@1f28c152]" name="logout" duration-ms="0" started-at="2020-02-07T04:47:38 UTC" finished-at="2020-02-07T04:47:38 UTC">
          <reporter-output>
          </reporter-output>
        </test-method> <!-- logout -->
        <test-method status="PASS" signature="registration()[pri:0, instance:face1.face1.GroupingtestNG@1f28c152]" name="registration" duration-ms="0" started-at="2020-02-07T04:47:38 UTC" finished-at="2020-02-07T04:47:38 UTC">
          <reporter-output>
          </reporter-output>
        </test-method> <!-- registration -->
      </class> <!-- face1.face1.GroupingtestNG -->
    </test> <!-- Default test -->
  </suite> <!-- Default suite -->
</testng-results>
